D:\training\ASPNETCore2MVC\Angular\dist\out-tsc\app\app.component.js
D:\training\ASPNETCore2MVC\Angular\dist\out-tsc\app\app.component.js.map
D:\training\ASPNETCore2MVC\Angular\dist\out-tsc\app\shared\utils\config.service.js
D:\training\ASPNETCore2MVC\Angular\dist\out-tsc\app\shared\utils\config.service.js.map
D:\training\ASPNETCore2MVC\Angular\dist\out-tsc\app\user\user.service.js
D:\training\ASPNETCore2MVC\Angular\dist\out-tsc\app\user\user.service.js.map
D:\training\ASPNETCore2MVC\Angular\dist\out-tsc\app\user\profile\profile.component.js
D:\training\ASPNETCore2MVC\Angular\dist\out-tsc\app\user\profile\profile.component.js.map
D:\training\ASPNETCore2MVC\Angular\dist\out-tsc\app\shared\models\credentials.js
D:\training\ASPNETCore2MVC\Angular\dist\out-tsc\app\shared\models\credentials.js.map
D:\training\ASPNETCore2MVC\Angular\dist\out-tsc\app\user\login\login.component.js
D:\training\ASPNETCore2MVC\Angular\dist\out-tsc\app\user\login\login.component.js.map
D:\training\ASPNETCore2MVC\Angular\dist\out-tsc\app\user\profile\profile-detail\profile-detail.component.js
D:\training\ASPNETCore2MVC\Angular\dist\out-tsc\app\user\profile\profile-detail\profile-detail.component.js.map
D:\training\ASPNETCore2MVC\Angular\dist\out-tsc\app\main\main.component.js
D:\training\ASPNETCore2MVC\Angular\dist\out-tsc\app\main\main.component.js.map
D:\training\ASPNETCore2MVC\Angular\dist\out-tsc\app\employee\employee.service.js
D:\training\ASPNETCore2MVC\Angular\dist\out-tsc\app\employee\employee.service.js.map
D:\training\ASPNETCore2MVC\Angular\dist\out-tsc\app\shared\models\employeeData.js
D:\training\ASPNETCore2MVC\Angular\dist\out-tsc\app\shared\models\employeeData.js.map
D:\training\ASPNETCore2MVC\Angular\dist\out-tsc\app\employee\employee-list\employee-list.component.js
D:\training\ASPNETCore2MVC\Angular\dist\out-tsc\app\employee\employee-list\employee-list.component.js.map
D:\training\ASPNETCore2MVC\Angular\dist\out-tsc\app\shared\validation\PasswordValidator.js
D:\training\ASPNETCore2MVC\Angular\dist\out-tsc\app\shared\validation\PasswordValidator.js.map
D:\training\ASPNETCore2MVC\Angular\dist\out-tsc\app\shared\validation\phoneValidator.js
D:\training\ASPNETCore2MVC\Angular\dist\out-tsc\app\shared\validation\phoneValidator.js.map
D:\training\ASPNETCore2MVC\Angular\dist\out-tsc\app\employee\employee-cr\employee-cr.component.js
D:\training\ASPNETCore2MVC\Angular\dist\out-tsc\app\employee\employee-cr\employee-cr.component.js.map
D:\training\ASPNETCore2MVC\Angular\dist\out-tsc\app\navbar\navbar.component.js
D:\training\ASPNETCore2MVC\Angular\dist\out-tsc\app\navbar\navbar.component.js.map
D:\training\ASPNETCore2MVC\Angular\dist\out-tsc\app\error\e-401\e-401.component.js
D:\training\ASPNETCore2MVC\Angular\dist\out-tsc\app\error\e-401\e-401.component.js.map
D:\training\ASPNETCore2MVC\Angular\dist\out-tsc\app\error\e-403\e-403.component.js
D:\training\ASPNETCore2MVC\Angular\dist\out-tsc\app\error\e-403\e-403.component.js.map
D:\training\ASPNETCore2MVC\Angular\dist\out-tsc\app\_guards\auth.guard.js
D:\training\ASPNETCore2MVC\Angular\dist\out-tsc\app\_guards\auth.guard.js.map
D:\training\ASPNETCore2MVC\Angular\dist\out-tsc\app\app-routing.module.js
D:\training\ASPNETCore2MVC\Angular\dist\out-tsc\app\app-routing.module.js.map
D:\training\ASPNETCore2MVC\Angular\dist\out-tsc\app\user\login\login.module.js
D:\training\ASPNETCore2MVC\Angular\dist\out-tsc\app\user\login\login.module.js.map
D:\training\ASPNETCore2MVC\Angular\dist\out-tsc\app\user\profile\profile.module.js
D:\training\ASPNETCore2MVC\Angular\dist\out-tsc\app\user\profile\profile.module.js.map
D:\training\ASPNETCore2MVC\Angular\dist\out-tsc\app\user\profile\profile-detail\profile-detail.module.js
D:\training\ASPNETCore2MVC\Angular\dist\out-tsc\app\user\profile\profile-detail\profile-detail.module.js.map
D:\training\ASPNETCore2MVC\Angular\dist\out-tsc\app\employee\employee-list\employee-list.module.js
D:\training\ASPNETCore2MVC\Angular\dist\out-tsc\app\employee\employee-list\employee-list.module.js.map
D:\training\ASPNETCore2MVC\Angular\dist\out-tsc\app\employee\employee-cr\employee-cr.module.js
D:\training\ASPNETCore2MVC\Angular\dist\out-tsc\app\employee\employee-cr\employee-cr.module.js.map
D:\training\ASPNETCore2MVC\Angular\dist\out-tsc\app\sidebar\sidebar.component.js
D:\training\ASPNETCore2MVC\Angular\dist\out-tsc\app\sidebar\sidebar.component.js.map
D:\training\ASPNETCore2MVC\Angular\dist\out-tsc\app\content\content.component.js
D:\training\ASPNETCore2MVC\Angular\dist\out-tsc\app\content\content.component.js.map
D:\training\ASPNETCore2MVC\Angular\dist\out-tsc\app\employee\employee-list\employee-binding-directive.directive.js
D:\training\ASPNETCore2MVC\Angular\dist\out-tsc\app\employee\employee-list\employee-binding-directive.directive.js.map
D:\training\ASPNETCore2MVC\Angular\dist\out-tsc\app\app.module.js
D:\training\ASPNETCore2MVC\Angular\dist\out-tsc\app\app.module.js.map
D:\training\ASPNETCore2MVC\Angular\dist\out-tsc\environments\environment.js
D:\training\ASPNETCore2MVC\Angular\dist\out-tsc\environments\environment.js.map
D:\training\ASPNETCore2MVC\Angular\dist\out-tsc\main.js
D:\training\ASPNETCore2MVC\Angular\dist\out-tsc\main.js.map
D:\training\ASPNETCore2MVC\Angular\dist\out-tsc\polyfills.js
D:\training\ASPNETCore2MVC\Angular\dist\out-tsc\polyfills.js.map
D:\training\ASPNETCore2MVC\Angular\dist\out-tsc\test.js
D:\training\ASPNETCore2MVC\Angular\dist\out-tsc\test.js.map
D:\training\ASPNETCore2MVC\Angular\dist\out-tsc\app\app.component.spec.js
D:\training\ASPNETCore2MVC\Angular\dist\out-tsc\app\app.component.spec.js.map
D:\training\ASPNETCore2MVC\Angular\dist\out-tsc\app\app.constants.js
D:\training\ASPNETCore2MVC\Angular\dist\out-tsc\app\app.constants.js.map
D:\training\ASPNETCore2MVC\Angular\dist\out-tsc\environments\environment.prod.js
D:\training\ASPNETCore2MVC\Angular\dist\out-tsc\environments\environment.prod.js.map
D:\training\ASPNETCore2MVC\Angular\dist\out-tsc\app\content\content.component.spec.js
D:\training\ASPNETCore2MVC\Angular\dist\out-tsc\app\content\content.component.spec.js.map
D:\training\ASPNETCore2MVC\Angular\dist\out-tsc\app\employee\employee.service.spec.js
D:\training\ASPNETCore2MVC\Angular\dist\out-tsc\app\employee\employee.service.spec.js.map
D:\training\ASPNETCore2MVC\Angular\dist\out-tsc\app\main\main.component.spec.js
D:\training\ASPNETCore2MVC\Angular\dist\out-tsc\app\main\main.component.spec.js.map
D:\training\ASPNETCore2MVC\Angular\dist\out-tsc\app\navbar\navbar.component.spec.js
D:\training\ASPNETCore2MVC\Angular\dist\out-tsc\app\navbar\navbar.component.spec.js.map
D:\training\ASPNETCore2MVC\Angular\dist\out-tsc\app\sidebar\sidebar.component.spec.js
D:\training\ASPNETCore2MVC\Angular\dist\out-tsc\app\sidebar\sidebar.component.spec.js.map
D:\training\ASPNETCore2MVC\Angular\dist\out-tsc\app\user\user.service.spec.js
D:\training\ASPNETCore2MVC\Angular\dist\out-tsc\app\user\user.service.spec.js.map
D:\training\ASPNETCore2MVC\Angular\dist\out-tsc\app\_guards\auth.guard.spec.js
D:\training\ASPNETCore2MVC\Angular\dist\out-tsc\app\_guards\auth.guard.spec.js.map
D:\training\ASPNETCore2MVC\Angular\dist\out-tsc\app\_guards\form-check.guard.js
D:\training\ASPNETCore2MVC\Angular\dist\out-tsc\app\_guards\form-check.guard.js.map
D:\training\ASPNETCore2MVC\Angular\dist\out-tsc\app\_guards\form-check.guard.spec.js
D:\training\ASPNETCore2MVC\Angular\dist\out-tsc\app\_guards\form-check.guard.spec.js.map
D:\training\ASPNETCore2MVC\Angular\dist\out-tsc\app\employee\employee-cr\employee-cr.component.spec.js
D:\training\ASPNETCore2MVC\Angular\dist\out-tsc\app\employee\employee-cr\employee-cr.component.spec.js.map
D:\training\ASPNETCore2MVC\Angular\dist\out-tsc\app\employee\employee-list\employee-binding-directive.directive.spec.js
D:\training\ASPNETCore2MVC\Angular\dist\out-tsc\app\employee\employee-list\employee-binding-directive.directive.spec.js.map
D:\training\ASPNETCore2MVC\Angular\dist\out-tsc\app\employee\employee-list\employee-list.component.spec.js
D:\training\ASPNETCore2MVC\Angular\dist\out-tsc\app\employee\employee-list\employee-list.component.spec.js.map
D:\training\ASPNETCore2MVC\Angular\dist\out-tsc\app\error\e-401\e-401.component.spec.js
D:\training\ASPNETCore2MVC\Angular\dist\out-tsc\app\error\e-401\e-401.component.spec.js.map
D:\training\ASPNETCore2MVC\Angular\dist\out-tsc\app\error\e-401\e-401.module.js
D:\training\ASPNETCore2MVC\Angular\dist\out-tsc\app\error\e-401\e-401.module.js.map
D:\training\ASPNETCore2MVC\Angular\dist\out-tsc\app\error\e-403\e-403.component.spec.js
D:\training\ASPNETCore2MVC\Angular\dist\out-tsc\app\error\e-403\e-403.component.spec.js.map
D:\training\ASPNETCore2MVC\Angular\dist\out-tsc\app\error\e-403\e-403.module.js
D:\training\ASPNETCore2MVC\Angular\dist\out-tsc\app\error\e-403\e-403.module.js.map
D:\training\ASPNETCore2MVC\Angular\dist\out-tsc\app\shared\utils\config.service.spec.js
D:\training\ASPNETCore2MVC\Angular\dist\out-tsc\app\shared\utils\config.service.spec.js.map
D:\training\ASPNETCore2MVC\Angular\dist\out-tsc\app\user\login\login.component.spec.js
D:\training\ASPNETCore2MVC\Angular\dist\out-tsc\app\user\login\login.component.spec.js.map
D:\training\ASPNETCore2MVC\Angular\dist\out-tsc\app\user\profile\profile.component.spec.js
D:\training\ASPNETCore2MVC\Angular\dist\out-tsc\app\user\profile\profile.component.spec.js.map
D:\training\ASPNETCore2MVC\Angular\dist\out-tsc\app\user\profile\profile-detail\profile-detail.component.spec.js
D:\training\ASPNETCore2MVC\Angular\dist\out-tsc\app\user\profile\profile-detail\profile-detail.component.spec.js.map
